This file contains any messages produced by compilers while
running configure, to aid debugging if configure makes a mistake.

It was created by configure, which was
generated by GNU Autoconf 2.59.  Invocation command line was

  $ ./configure --host=i486-linux-gnu --build=i486-linux-gnu --prefix=/usr --mandir=${prefix}/share/man --infodir=${prefix}/share/info --enable-mousewheel --enable-xgetdefault --enable-iso14755 --enable-font-styles --enable-utmp --enable-wtmp --with-term=rxvt-unicode --enable-rxvt-scroll --enable-next-scroll --enable-half-shadow --enable-xim --enable-keepscrolling --enable-slipwheeling --enable-smart-resize --enable-pointer-blank --enable-transparency --enable-xpm-background --enable-fading --enable-linespace --enable-xft --enable-tinting --disable-perl

## --------- ##
## Platform. ##
## --------- ##

hostname = ellington
uname -m = i686
uname -r = 2.6.16-rc4
uname -s = Linux
uname -v = #2 PREEMPT Tue Feb 21 22:09:15 EST 2006

/usr/bin/uname -p = unknown
/bin/uname -X     = unknown

/bin/arch              = i686
/usr/bin/arch -k       = unknown
/usr/convex/getsysinfo = unknown
hostinfo               = unknown
/bin/machine           = unknown
/usr/bin/oslevel       = unknown
/bin/universe          = unknown

PATH: /usr/sbin
PATH: /usr/bin
PATH: /sbin
PATH: /bin
PATH: /usr/bin/X11


## ----------- ##
## Core tests. ##
## ----------- ##

configure:1404: checking build system type
configure:1422: result: i486-pc-linux-gnu
configure:1430: checking host system type
configure:1444: result: i486-pc-linux-gnu
configure:1470: checking for i486-linux-gnu-gcc
configure:1486: found /usr/bin/i486-linux-gnu-gcc
configure:1496: result: i486-linux-gnu-gcc
configure:1778: checking for C compiler version
configure:1781: i486-linux-gnu-gcc --version </dev/null >&5
i486-linux-gnu-gcc (GCC) 4.0.3 (Debian 4.0.3-1)
Copyright (C) 2006 Free Software Foundation, Inc.
This is free software; see the source for copying conditions.  There is NO
warranty; not even for MERCHANTABILITY or FITNESS FOR A PARTICULAR PURPOSE.

configure:1784: $? = 0
configure:1786: i486-linux-gnu-gcc -v </dev/null >&5
Using built-in specs.
Target: i486-linux-gnu
Configured with: ../src/configure -v --enable-languages=c,c++,java,f95,objc,ada,treelang --prefix=/usr --enable-shared --with-system-zlib --libexecdir=/usr/lib --without-included-gettext --enable-threads=posix --enable-nls --program-suffix=-4.0 --enable-__cxa_atexit --enable-clocale=gnu --enable-libstdcxx-debug --enable-java-awt=gtk-default --enable-gtk-cairo --with-java-home=/usr/lib/jvm/java-1.4.2-gcj-4.0-1.4.2.0/jre --enable-mpfr --disable-werror --with-tune=i686 --enable-checking=release i486-linux-gnu
Thread model: posix
gcc version 4.0.3 (Debian 4.0.3-1)
configure:1789: $? = 0
configure:1791: i486-linux-gnu-gcc -V </dev/null >&5
i486-linux-gnu-gcc: '-V' option must have argument
configure:1794: $? = 1
configure:1817: checking for C compiler default output file name
configure:1820: i486-linux-gnu-gcc -Wall -g -O2   conftest.c  >&5
configure:1823: $? = 0
configure:1869: result: a.out
configure:1874: checking whether the C compiler works
configure:1880: ./a.out
configure:1883: $? = 0
configure:1900: result: yes
configure:1907: checking whether we are cross compiling
configure:1909: result: no
configure:1912: checking for suffix of executables
configure:1914: i486-linux-gnu-gcc -o conftest -Wall -g -O2   conftest.c  >&5
configure:1917: $? = 0
configure:1942: result: 
configure:1948: checking for suffix of object files
configure:1969: i486-linux-gnu-gcc -c -Wall -g -O2  conftest.c >&5
configure:1972: $? = 0
configure:1994: result: o
configure:1998: checking whether we are using the GNU C compiler
configure:2022: i486-linux-gnu-gcc -c -Wall -g -O2  conftest.c >&5
configure:2028: $? = 0
configure:2031: test -z 			 || test ! -s conftest.err
configure:2034: $? = 0
configure:2037: test -s conftest.o
configure:2040: $? = 0
configure:2053: result: yes
configure:2059: checking whether i486-linux-gnu-gcc accepts -g
configure:2080: i486-linux-gnu-gcc -c -g  conftest.c >&5
configure:2086: $? = 0
configure:2089: test -z 			 || test ! -s conftest.err
configure:2092: $? = 0
configure:2095: test -s conftest.o
configure:2098: $? = 0
configure:2109: result: yes
configure:2126: checking for i486-linux-gnu-gcc option to accept ANSI C
configure:2196: i486-linux-gnu-gcc  -c -Wall -g -O2  conftest.c >&5
configure:2202: $? = 0
configure:2205: test -z 			 || test ! -s conftest.err
configure:2208: $? = 0
configure:2211: test -s conftest.o
configure:2214: $? = 0
configure:2232: result: none needed
configure:2250: i486-linux-gnu-gcc -c -Wall -g -O2  conftest.c >&5
conftest.c:2: error: syntax error before 'me'
configure:2256: $? = 1
configure: failed program was:
| #ifndef __cplusplus
|   choke me
| #endif
configure:2396: checking for i486-linux-gnu-g++
configure:2412: found /usr/bin/i486-linux-gnu-g++
configure:2422: result: i486-linux-gnu-g++
configure:2480: checking for C++ compiler version
configure:2483: i486-linux-gnu-g++ --version </dev/null >&5
i486-linux-gnu-g++ (GCC) 4.0.3 (Debian 4.0.3-1)
Copyright (C) 2006 Free Software Foundation, Inc.
This is free software; see the source for copying conditions.  There is NO
warranty; not even for MERCHANTABILITY or FITNESS FOR A PARTICULAR PURPOSE.

configure:2486: $? = 0
configure:2488: i486-linux-gnu-g++ -v </dev/null >&5
Using built-in specs.
Target: i486-linux-gnu
Configured with: ../src/configure -v --enable-languages=c,c++,java,f95,objc,ada,treelang --prefix=/usr --enable-shared --with-system-zlib --libexecdir=/usr/lib --without-included-gettext --enable-threads=posix --enable-nls --program-suffix=-4.0 --enable-__cxa_atexit --enable-clocale=gnu --enable-libstdcxx-debug --enable-java-awt=gtk-default --enable-gtk-cairo --with-java-home=/usr/lib/jvm/java-1.4.2-gcj-4.0-1.4.2.0/jre --enable-mpfr --disable-werror --with-tune=i686 --enable-checking=release i486-linux-gnu
Thread model: posix
gcc version 4.0.3 (Debian 4.0.3-1)
configure:2491: $? = 0
configure:2493: i486-linux-gnu-g++ -V </dev/null >&5
i486-linux-gnu-g++: '-V' option must have argument
configure:2496: $? = 1
configure:2499: checking whether we are using the GNU C++ compiler
configure:2523: i486-linux-gnu-g++ -c   conftest.cc >&5
configure:2529: $? = 0
configure:2532: test -z 			 || test ! -s conftest.err
configure:2535: $? = 0
configure:2538: test -s conftest.o
configure:2541: $? = 0
configure:2554: result: yes
configure:2560: checking whether i486-linux-gnu-g++ accepts -g
configure:2581: i486-linux-gnu-g++ -c -g  conftest.cc >&5
configure:2587: $? = 0
configure:2590: test -z 			 || test ! -s conftest.err
configure:2593: $? = 0
configure:2596: test -s conftest.o
configure:2599: $? = 0
configure:2610: result: yes
configure:2652: i486-linux-gnu-g++ -c -g -O2  conftest.cc >&5
configure:2658: $? = 0
configure:2661: test -z 			 || test ! -s conftest.err
configure:2664: $? = 0
configure:2667: test -s conftest.o
configure:2670: $? = 0

## ---------------- ##
## Cache variables. ##
## ---------------- ##

ac_cv_build=i486-pc-linux-gnu
ac_cv_build_alias=i486-linux-gnu
ac_cv_c_compiler_gnu=yes
ac_cv_cxx_compiler_gnu=yes
ac_cv_env_CC_set=
ac_cv_env_CC_value=
ac_cv_env_CFLAGS_set=set
ac_cv_env_CFLAGS_value='-Wall -g -O2'
ac_cv_env_CPPFLAGS_set=
ac_cv_env_CPPFLAGS_value=
ac_cv_env_CPP_set=
ac_cv_env_CPP_value=
ac_cv_env_CXXCPP_set=
ac_cv_env_CXXCPP_value=
ac_cv_env_CXXFLAGS_set=
ac_cv_env_CXXFLAGS_value=
ac_cv_env_CXX_set=
ac_cv_env_CXX_value=
ac_cv_env_LDFLAGS_set=
ac_cv_env_LDFLAGS_value=
ac_cv_env_build_alias_set=set
ac_cv_env_build_alias_value=i486-linux-gnu
ac_cv_env_host_alias_set=set
ac_cv_env_host_alias_value=i486-linux-gnu
ac_cv_env_target_alias_set=
ac_cv_env_target_alias_value=
ac_cv_exeext=
ac_cv_host=i486-pc-linux-gnu
ac_cv_host_alias=i486-linux-gnu
ac_cv_objext=o
ac_cv_prog_CC=i486-linux-gnu-gcc
ac_cv_prog_CXX=i486-linux-gnu-g++
ac_cv_prog_cc_g=yes
ac_cv_prog_cc_stdc=
ac_cv_prog_cxx_g=yes

## ----------------- ##
## Output variables. ##
## ----------------- ##

CC='i486-linux-gnu-gcc'
CFLAGS='-Wall -g -O2'
CMP=''
CP=''
CPP=''
CPPFLAGS=''
CXX='i486-linux-gnu-g++'
CXXCPP=''
CXXFLAGS='-g -O2'
DATE='2006-02-21'
DEBUG=''
DEFS=''
DINCLUDE=''
DLIB=''
ECHO=''
ECHO_C=''
ECHO_N='-n'
ECHO_T=''
EGREP=''
EXEEXT=''
IF_PERL=''
INSTALL_DATA=''
INSTALL_LIBRXVT=''
INSTALL_PROGRAM=''
INSTALL_SCRIPT=''
LDFLAGS=''
LIBOBJS=''
LIBS=''
LIBVERSION=''
LINKER=''
LN=''
LSMDATE=''
LTLIBOBJS=''
MV=''
OBJEXT='o'
PACKAGE_BUGREPORT=''
PACKAGE_NAME=''
PACKAGE_STRING=''
PACKAGE_TARNAME=''
PACKAGE_VERSION=''
PATH_SEPARATOR=':'
PERL=''
PERLFLAGS=''
PERLLIB=''
PERLPRIVLIBEXP=''
PERL_O=''
PKG_CONFIG=''
RXVTNAME=''
SED=''
SHELL='/bin/sh'
TIC=''
VERSION='7.7'
XFT_CONFIG=''
XPM_CFLAGS=''
XPM_CPPFLAGS=''
XPM_LIBS=''
X_CFLAGS=''
X_EXTRA_LIBS=''
X_LIBS=''
X_PRE_LIBS=''
ac_ct_CC=''
ac_ct_CXX=''
bindir='${exec_prefix}/bin'
build='i486-pc-linux-gnu'
build_alias='i486-linux-gnu'
build_cpu='i486'
build_os='linux-gnu'
build_vendor='pc'
datadir='${prefix}/share'
exec_prefix='NONE'
host='i486-pc-linux-gnu'
host_alias='i486-linux-gnu'
host_cpu='i486'
host_os='linux-gnu'
host_vendor='pc'
include_assert_h=''
include_fcntl_h=''
include_stdarg_h=''
include_stdint_h=''
include_stdlib_h=''
include_string_h=''
include_sys_ioctl_h=''
include_sys_select_h=''
include_sys_strredir_h=''
include_sys_time_h=''
include_time_h=''
include_unistd_h=''
include_util_h=''
includedir='${prefix}/include'
infodir='${prefix}/share/info'
libdir='${exec_prefix}/lib'
libexecdir='${exec_prefix}/libexec'
localstatedir='${prefix}/var'
mandir='${prefix}/share/man'
oldincludedir='/usr/include'
prefix='/usr'
program_transform_name='s,x,x,'
rxvt_int16_typedef=''
rxvt_int32_typedef=''
rxvt_intp_define=''
rxvt_u_intp_define=''
rxvt_uint16_typedef=''
rxvt_uint32_typedef=''
sbindir='${exec_prefix}/sbin'
sharedstatedir='${prefix}/com'
sysconfdir='${prefix}/etc'
target_alias=''

## ----------- ##
## confdefs.h. ##
## ----------- ##

#define PACKAGE_BUGREPORT ""
#define PACKAGE_NAME ""
#define PACKAGE_STRING ""
#define PACKAGE_TARNAME ""
#define PACKAGE_VERSION ""

configure: caught signal 2
configure: exit 1
